Sun 23 Mar 2025 12:24:43 AM UTC: 
 exercises.c | 62 +++++++++++++++++++++++++++++++++++++++++++++++++++++++------
 1 file changed, 56 insertions(+), 6 deletions(-)
In file included from test.c:5:
exercises.c: In function ‘parentesisBalanceados’:
exercises.c:126:25: error: passing argument 2 of ‘push’ makes pointer from integer without a cast [-Werror=int-conversion]
  126 |       push(PAper, cadena[cont]);
      |                   ~~~~~~^~~~~~
      |                         |
      |                         char
In file included from exercises.c:2:
stack.h:11:31: note: expected ‘void *’ but argument is of type ‘char’
   11 | void push(Stack *stack, void *data) { pushFront(stack, data); }
      |                         ~~~~~~^~~~
exercises.c:131:43: error: comparison between pointer and integer [-Werror]
  131 |       if(cadena[cont] == '('&& top(PAper) == ')' ||
      |                                           ^~
exercises.c:132:42: error: comparison between pointer and integer [-Werror]
  132 |         cadena[cont] == '{'&& top(PAper) == '}' ||
      |                                          ^~
exercises.c:131:29: error: suggest parentheses around ‘&&’ within ‘||’ [-Werror=parentheses]
  131 |       if(cadena[cont] == '('&& top(PAper) == ')' ||
      |          ~~~~~~~~~~~~~~~~~~~^~~~~~~~~~~~~~~~~~~~
exercises.c:133:42: error: comparison between pointer and integer [-Werror]
  133 |         cadena[cont] == '['&& top(PAper) == ']' ){
      |                                          ^~
exercises.c:133:28: error: suggest parentheses around ‘&&’ within ‘||’ [-Werror=parentheses]
  133 |         cadena[cont] == '['&& top(PAper) == ']' ){
      |         ~~~~~~~~~~~~~~~~~~~^~~~~~~~~~~~~~~~~~~~
exercises.c:140:1: error: control reaches end of non-void function [-Werror=return-type]
  140 | }
      | ^
cc1: all warnings being treated as errors
Compilation failed
3f6cb15
Sun 23 Mar 2025 12:35:03 AM UTC: 
 exercises.c | 2 +-
 1 file changed, 1 insertion(+), 1 deletion(-)
In file included from test.c:5:
exercises.c: In function ‘parentesisBalanceados’:
exercises.c:126:19: error: cast to pointer from integer of different size [-Werror=int-to-pointer-cast]
  126 |       push(PAper, (long*)cadena[cont]);
      |                   ^
exercises.c:131:43: error: comparison between pointer and integer [-Werror]
  131 |       if(cadena[cont] == '('&& top(PAper) == ')' ||
      |                                           ^~
exercises.c:132:42: error: comparison between pointer and integer [-Werror]
  132 |         cadena[cont] == '{'&& top(PAper) == '}' ||
      |                                          ^~
exercises.c:131:29: error: suggest parentheses around ‘&&’ within ‘||’ [-Werror=parentheses]
  131 |       if(cadena[cont] == '('&& top(PAper) == ')' ||
      |          ~~~~~~~~~~~~~~~~~~~^~~~~~~~~~~~~~~~~~~~
exercises.c:133:42: error: comparison between pointer and integer [-Werror]
  133 |         cadena[cont] == '['&& top(PAper) == ']' ){
      |                                          ^~
exercises.c:133:28: error: suggest parentheses around ‘&&’ within ‘||’ [-Werror=parentheses]
  133 |         cadena[cont] == '['&& top(PAper) == ']' ){
      |         ~~~~~~~~~~~~~~~~~~~^~~~~~~~~~~~~~~~~~~~
exercises.c:140:1: error: control reaches end of non-void function [-Werror=return-type]
  140 | }
      | ^
cc1: all warnings being treated as errors
Compilation failed
a2d6e53
Sun 23 Mar 2025 12:38:05 AM UTC: 
 exercises.c | 2 +-
 1 file changed, 1 insertion(+), 1 deletion(-)
In file included from test.c:5:
exercises.c: In function ‘parentesisBalanceados’:
exercises.c:126:26: error: cast to pointer from integer of different size [-Werror=int-to-pointer-cast]
  126 |       push(PAper,(void*) (long*)cadena[cont]);
      |                          ^
exercises.c:131:43: error: comparison between pointer and integer [-Werror]
  131 |       if(cadena[cont] == '('&& top(PAper) == ')' ||
      |                                           ^~
exercises.c:132:42: error: comparison between pointer and integer [-Werror]
  132 |         cadena[cont] == '{'&& top(PAper) == '}' ||
      |                                          ^~
exercises.c:131:29: error: suggest parentheses around ‘&&’ within ‘||’ [-Werror=parentheses]
  131 |       if(cadena[cont] == '('&& top(PAper) == ')' ||
      |          ~~~~~~~~~~~~~~~~~~~^~~~~~~~~~~~~~~~~~~~
exercises.c:133:42: error: comparison between pointer and integer [-Werror]
  133 |         cadena[cont] == '['&& top(PAper) == ']' ){
      |                                          ^~
exercises.c:133:28: error: suggest parentheses around ‘&&’ within ‘||’ [-Werror=parentheses]
  133 |         cadena[cont] == '['&& top(PAper) == ']' ){
      |         ~~~~~~~~~~~~~~~~~~~^~~~~~~~~~~~~~~~~~~~
exercises.c:140:1: error: control reaches end of non-void function [-Werror=return-type]
  140 | }
      | ^
cc1: all warnings being treated as errors
Compilation failed
3df0ff0
Sun 23 Mar 2025 12:51:46 AM UTC: 
 exercises.c | 4 ++--
 1 file changed, 2 insertions(+), 2 deletions(-)
test.c: In function ‘test_parentesis_balanceados’:
test.c:217:9: error: implicit declaration of function ‘parentesisBalanceados’; did you mean ‘test_parentesis_balanceados’? [-Werror=implicit-function-declaration]
  217 |     if(!parentesisBalanceados(s)){
      |         ^~~~~~~~~~~~~~~~~~~~~
      |         test_parentesis_balanceados
cc1: all warnings being treated as errors
Compilation failed
356a9eb
Sun 23 Mar 2025 12:54:05 AM UTC: 
 exercises.c | 6 +++---
 1 file changed, 3 insertions(+), 3 deletions(-)
In file included from test.c:5:
exercises.c: In function ‘parentesisBalanceados’:
exercises.c:131:43: error: comparison between pointer and integer [-Werror]
  131 |       if(cadena[cont] == '('&& top(PAper) == ')' ||
      |                                           ^~
exercises.c:132:42: error: comparison between pointer and integer [-Werror]
  132 |         cadena[cont] == '{'&& top(PAper) == '}' ||
      |                                          ^~
exercises.c:131:29: error: suggest parentheses around ‘&&’ within ‘||’ [-Werror=parentheses]
  131 |       if(cadena[cont] == '('&& top(PAper) == ')' ||
      |          ~~~~~~~~~~~~~~~~~~~^~~~~~~~~~~~~~~~~~~~
exercises.c:133:42: error: comparison between pointer and integer [-Werror]
  133 |         cadena[cont] == '['&& top(PAper) == ']' ){
      |                                          ^~
exercises.c:133:28: error: suggest parentheses around ‘&&’ within ‘||’ [-Werror=parentheses]
  133 |         cadena[cont] == '['&& top(PAper) == ']' ){
      |         ~~~~~~~~~~~~~~~~~~~^~~~~~~~~~~~~~~~~~~~
exercises.c:140:1: error: control reaches end of non-void function [-Werror=return-type]
  140 | }
      | ^
cc1: all warnings being treated as errors
Compilation failed
f4e112b
Sun 23 Mar 2025 12:54:23 AM UTC: 
 exercises.c | 6 +++---
 1 file changed, 3 insertions(+), 3 deletions(-)
In file included from test.c:5:
exercises.c: In function ‘parentesisBalanceados’:
exercises.c:131:32: error: lvalue required as unary ‘&’ operand
  131 |       if(cadena[cont] == '('&& &top(PAper) == ')' ||
      |                                ^
exercises.c:132:31: error: lvalue required as unary ‘&’ operand
  132 |         cadena[cont] == '{'&& &top(PAper) == '}' ||
      |                               ^
exercises.c:133:31: error: lvalue required as unary ‘&’ operand
  133 |         cadena[cont] == '['&& &top(PAper) == ']' ){
      |                               ^
exercises.c:140:1: error: control reaches end of non-void function [-Werror=return-type]
  140 | }
      | ^
cc1: all warnings being treated as errors
Compilation failed
fb8e37d
Sun 23 Mar 2025 12:54:39 AM UTC: 
 exercises.c | 6 +++---
 1 file changed, 3 insertions(+), 3 deletions(-)
In file included from test.c:5:
exercises.c: In function ‘parentesisBalanceados’:
exercises.c:131:43: error: comparison between pointer and integer [-Werror]
  131 |       if(cadena[cont] == '('&& top(PAper) == ')' ||
      |                                           ^~
exercises.c:132:42: error: comparison between pointer and integer [-Werror]
  132 |         cadena[cont] == '{'&& top(PAper) == '}' ||
      |                                          ^~
exercises.c:131:29: error: suggest parentheses around ‘&&’ within ‘||’ [-Werror=parentheses]
  131 |       if(cadena[cont] == '('&& top(PAper) == ')' ||
      |          ~~~~~~~~~~~~~~~~~~~^~~~~~~~~~~~~~~~~~~~
exercises.c:133:42: error: comparison between pointer and integer [-Werror]
  133 |         cadena[cont] == '['&& top(PAper) == ']' ){
      |                                          ^~
exercises.c:133:28: error: suggest parentheses around ‘&&’ within ‘||’ [-Werror=parentheses]
  133 |         cadena[cont] == '['&& top(PAper) == ']' ){
      |         ~~~~~~~~~~~~~~~~~~~^~~~~~~~~~~~~~~~~~~~
exercises.c:140:1: error: control reaches end of non-void function [-Werror=return-type]
  140 | }
      | ^
cc1: all warnings being treated as errors
Compilation failed
1850cc8
Sun 23 Mar 2025 12:55:05 AM UTC: 
 exercises.c | 2 +-
 1 file changed, 1 insertion(+), 1 deletion(-)
In file included from test.c:5:
exercises.c: In function ‘parentesisBalanceados’:
exercises.c:131:33: error: cast from pointer to integer of different size [-Werror=pointer-to-int-cast]
  131 |       if(cadena[cont] == '('&& ((char)top(PAper)) == ')' ||
      |                                 ^
exercises.c:132:42: error: comparison between pointer and integer [-Werror]
  132 |         cadena[cont] == '{'&& top(PAper) == '}' ||
      |                                          ^~
exercises.c:131:29: error: suggest parentheses around ‘&&’ within ‘||’ [-Werror=parentheses]
  131 |       if(cadena[cont] == '('&& ((char)top(PAper)) == ')' ||
      |          ~~~~~~~~~~~~~~~~~~~^~~~~~~~~~~~~~~~~~~~~~~~~~~~
exercises.c:133:42: error: comparison between pointer and integer [-Werror]
  133 |         cadena[cont] == '['&& top(PAper) == ']' ){
      |                                          ^~
exercises.c:133:28: error: suggest parentheses around ‘&&’ within ‘||’ [-Werror=parentheses]
  133 |         cadena[cont] == '['&& top(PAper) == ']' ){
      |         ~~~~~~~~~~~~~~~~~~~^~~~~~~~~~~~~~~~~~~~
exercises.c:140:1: error: control reaches end of non-void function [-Werror=return-type]
  140 | }
      | ^
cc1: all warnings being treated as errors
Compilation failed
660f376
Sun 23 Mar 2025 12:57:18 AM UTC: 
 exercises.c | 2 +-
 1 file changed, 1 insertion(+), 1 deletion(-)
In file included from test.c:5:
exercises.c: In function ‘parentesisBalanceados’:
exercises.c:131:52: error: comparison between pointer and integer [-Werror]
  131 |       if(cadena[cont] == '('&& ((char*)top(PAper)) == ')' ||
      |                                                    ^~
exercises.c:132:42: error: comparison between pointer and integer [-Werror]
  132 |         cadena[cont] == '{'&& top(PAper) == '}' ||
      |                                          ^~
exercises.c:131:29: error: suggest parentheses around ‘&&’ within ‘||’ [-Werror=parentheses]
  131 |       if(cadena[cont] == '('&& ((char*)top(PAper)) == ')' ||
      |          ~~~~~~~~~~~~~~~~~~~^~~~~~~~~~~~~~~~~~~~~~~~~~~~~
exercises.c:133:42: error: comparison between pointer and integer [-Werror]
  133 |         cadena[cont] == '['&& top(PAper) == ']' ){
      |                                          ^~
exercises.c:133:28: error: suggest parentheses around ‘&&’ within ‘||’ [-Werror=parentheses]
  133 |         cadena[cont] == '['&& top(PAper) == ']' ){
      |         ~~~~~~~~~~~~~~~~~~~^~~~~~~~~~~~~~~~~~~~
exercises.c:140:1: error: control reaches end of non-void function [-Werror=return-type]
  140 | }
      | ^
cc1: all warnings being treated as errors
Compilation failed
90bd593
Sun 23 Mar 2025 12:58:08 AM UTC: 
 exercises.c | 2 +-
 1 file changed, 1 insertion(+), 1 deletion(-)
In file included from test.c:5:
exercises.c: In function ‘parentesisBalanceados’:
exercises.c:132:42: error: comparison between pointer and integer [-Werror]
  132 |         cadena[cont] == '{'&& top(PAper) == '}' ||
      |                                          ^~
exercises.c:131:29: error: suggest parentheses around ‘&&’ within ‘||’ [-Werror=parentheses]
  131 |       if(cadena[cont] == '('&& *(char*)top(PAper) == ')' ||
      |          ~~~~~~~~~~~~~~~~~~~^~~~~~~~~~~~~~~~~~~~~~~~~~~~
exercises.c:133:42: error: comparison between pointer and integer [-Werror]
  133 |         cadena[cont] == '['&& top(PAper) == ']' ){
      |                                          ^~
exercises.c:133:28: error: suggest parentheses around ‘&&’ within ‘||’ [-Werror=parentheses]
  133 |         cadena[cont] == '['&& top(PAper) == ']' ){
      |         ~~~~~~~~~~~~~~~~~~~^~~~~~~~~~~~~~~~~~~~
exercises.c:140:1: error: control reaches end of non-void function [-Werror=return-type]
  140 | }
      | ^
cc1: all warnings being treated as errors
Compilation failed
116c1ca
Sun 23 Mar 2025 12:58:53 AM UTC: 
 exercises.c | 4 ++--
 1 file changed, 2 insertions(+), 2 deletions(-)
In file included from test.c:5:
exercises.c: In function ‘parentesisBalanceados’:
exercises.c:131:29: error: suggest parentheses around ‘&&’ within ‘||’ [-Werror=parentheses]
  131 |       if(cadena[cont] == '('&& *(char*)top(PAper) == ')' ||
      |          ~~~~~~~~~~~~~~~~~~~^~~~~~~~~~~~~~~~~~~~~~~~~~~~
exercises.c:133:28: error: suggest parentheses around ‘&&’ within ‘||’ [-Werror=parentheses]
  133 |         cadena[cont] == '['&& *(char*)top(PAper) == ']' ){
      |         ~~~~~~~~~~~~~~~~~~~^~~~~~~~~~~~~~~~~~~~~~~~~~~~
exercises.c:140:1: error: control reaches end of non-void function [-Werror=return-type]
  140 | }
      | ^
cc1: all warnings being treated as errors
Compilation failed
7f6d88d
Sun 23 Mar 2025 12:59:59 AM UTC: 
 exercises.c | 6 +++---
 1 file changed, 3 insertions(+), 3 deletions(-)
In file included from test.c:5:
exercises.c: In function ‘parentesisBalanceados’:
exercises.c:133:59: error: expected ‘)’ before ‘{’ token
  133 |         (cadena[cont] == '['&& *(char*)top(PAper) == ']' ){
      |                                                           ^
      |                                                           )
exercises.c:131:9: note: to match this ‘(’
  131 |       if((cadena[cont] == '('&& *(char*)top(PAper) == ')' ) ||
      |         ^
exercises.c:136:5: error: expected expression before ‘}’ token
  136 |     }
      |     ^
exercises.c:140:1: error: control reaches end of non-void function [-Werror=return-type]
  140 | }
      | ^
cc1: all warnings being treated as errors
Compilation failed
6ecda6e
Sun 23 Mar 2025 01:01:11 AM UTC: 
 exercises.c | 6 +++---
 1 file changed, 3 insertions(+), 3 deletions(-)
In file included from test.c:6:
arraylist.c: In function ‘create_list’:
arraylist.c:15:34: error: invalid application of ‘sizeof’ to incomplete type ‘List’
   15 |   List* L = (List*)malloc(sizeof(List));
      |                                  ^~~~
arraylist.c:16:4: error: invalid use of incomplete typedef ‘List’
   16 |   L->current = 0;
      |    ^~
arraylist.c:17:4: error: invalid use of incomplete typedef ‘List’
   17 |   L->size = 0;
      |    ^~
arraylist.c: In function ‘first’:
arraylist.c:22:7: error: invalid use of incomplete typedef ‘List’
   22 |   if(L->size == 0) {
      |       ^~
arraylist.c:25:4: error: invalid use of incomplete typedef ‘List’
   25 |   L->current = 0;
      |    ^~
arraylist.c:26:11: error: invalid use of incomplete typedef ‘List’
   26 |   return L->data[L->current];
      |           ^~
arraylist.c:26:19: error: invalid use of incomplete typedef ‘List’
   26 |   return L->data[L->current];
      |                   ^~
arraylist.c: In function ‘next’:
arraylist.c:30:7: error: invalid use of incomplete typedef ‘List’
   30 |   if(L->current < L->size - 1) {
      |       ^~
arraylist.c:30:20: error: invalid use of incomplete typedef ‘List’
   30 |   if(L->current < L->size - 1) {
      |                    ^~
arraylist.c:31:6: error: invalid use of incomplete typedef ‘List’
   31 |     L->current++;
      |      ^~
arraylist.c:32:13: error: invalid use of incomplete typedef ‘List’
   32 |     return L->data[L->current];
      |             ^~
arraylist.c:32:21: error: invalid use of incomplete typedef ‘List’
   32 |     return L->data[L->current];
      |                     ^~
arraylist.c: In function ‘pushFront’:
arraylist.c:38:7: error: invalid use of incomplete typedef ‘List’
   38 |   if(L->size == 0) {
      |       ^~
arraylist.c:39:6: error: invalid use of incomplete typedef ‘List’
   39 |     L->data[0] = dato;
      |      ^~
arraylist.c:40:6: error: invalid use of incomplete typedef ‘List’
   40 |     L->size++;
      |      ^~
arraylist.c:43:16: error: invalid use of incomplete typedef ‘List’
   43 |   for(int i = L->size; i > 0; i--) {
      |                ^~
arraylist.c:44:6: error: invalid use of incomplete typedef ‘List’
   44 |     L->data[i] = L->data[i - 1];
      |      ^~
arraylist.c:44:19: error: invalid use of incomplete typedef ‘List’
   44 |     L->data[i] = L->data[i - 1];
      |                   ^~
arraylist.c:46:4: error: invalid use of incomplete typedef ‘List’
   46 |   L->data[0] = dato;
      |    ^~
arraylist.c:47:4: error: invalid use of incomplete typedef ‘List’
   47 |   L->size++;
      |    ^~
arraylist.c: In function ‘pushBack’:
arraylist.c:51:4: error: invalid use of incomplete typedef ‘List’
   51 |   L->data[L->size] = dato;
      |    ^~
arraylist.c:51:12: error: invalid use of incomplete typedef ‘List’
   51 |   L->data[L->size] = dato;
      |            ^~
arraylist.c:52:4: error: invalid use of incomplete typedef ‘List’
   52 |   L->size++;
      |    ^~
arraylist.c: In function ‘pushCurrent’:
arraylist.c:56:7: error: invalid use of incomplete typedef ‘List’
   56 |   if(L->size == 0) {
      |       ^~
arraylist.c:57:6: error: invalid use of incomplete typedef ‘List’
   57 |     L->data[0] = dato;
      |      ^~
arraylist.c:58:6: error: invalid use of incomplete typedef ‘List’
   58 |     L->size++;
      |      ^~
arraylist.c:61:16: error: invalid use of incomplete typedef ‘List’
   61 |   for(int i = L->size; i > L->current; i--) {
      |                ^~
arraylist.c:61:29: error: invalid use of incomplete typedef ‘List’
   61 |   for(int i = L->size; i > L->current; i--) {
      |                             ^~
arraylist.c:62:6: error: invalid use of incomplete typedef ‘List’
   62 |     L->data[i] = L->data[i - 1];
      |      ^~
arraylist.c:62:19: error: invalid use of incomplete typedef ‘List’
   62 |     L->data[i] = L->data[i - 1];
      |                   ^~
arraylist.c:64:4: error: invalid use of incomplete typedef ‘List’
   64 |   L->data[L->current + 1] = dato;
      |    ^~
arraylist.c:64:12: error: invalid use of incomplete typedef ‘List’
   64 |   L->data[L->current + 1] = dato;
      |            ^~
arraylist.c:65:4: error: invalid use of incomplete typedef ‘List’
   65 |   L->size++;
      |    ^~
arraylist.c: In function ‘popFront’:
arraylist.c:69:7: error: invalid use of incomplete typedef ‘List’
   69 |   if(L->size == 0) {
      |       ^~
arraylist.c:72:17: error: invalid use of incomplete typedef ‘List’
   72 |   void* dato = L->data[0];
      |                 ^~
arraylist.c:73:23: error: invalid use of incomplete typedef ‘List’
   73 |   for(int i = 0; i < L->size - 1; i++) {
      |                       ^~
arraylist.c:74:6: error: invalid use of incomplete typedef ‘List’
   74 |     L->data[i] = L->data[i + 1];
      |      ^~
arraylist.c:74:19: error: invalid use of incomplete typedef ‘List’
   74 |     L->data[i] = L->data[i + 1];
      |                   ^~
arraylist.c:76:4: error: invalid use of incomplete typedef ‘List’
   76 |   L->size--;
      |    ^~
arraylist.c: In function ‘popBack’:
arraylist.c:81:7: error: invalid use of incomplete typedef ‘List’
   81 |   if(L->size == 0) {
      |       ^~
arraylist.c:84:17: error: invalid use of incomplete typedef ‘List’
   84 |   void* dato = L->data[L->size - 1];
      |                 ^~
arraylist.c:84:25: error: invalid use of incomplete typedef ‘List’
   84 |   void* dato = L->data[L->size - 1];
      |                         ^~
arraylist.c:85:4: error: invalid use of incomplete typedef ‘List’
   85 |   L->size--;
      |    ^~
arraylist.c: In function ‘popCurrent’:
arraylist.c:90:7: error: invalid use of incomplete typedef ‘List’
   90 |   if(L->size == 0) {
      |       ^~
arraylist.c:93:17: error: invalid use of incomplete typedef ‘List’
   93 |   void* dato = L->data[L->current];
      |                 ^~
arraylist.c:93:25: error: invalid use of incomplete typedef ‘List’
   93 |   void* dato = L->data[L->current];
      |                         ^~
arraylist.c:94:16: error: invalid use of incomplete typedef ‘List’
   94 |   for(int i = L->current; i < L->size - 1; i++) {
      |                ^~
arraylist.c:94:32: error: invalid use of incomplete typedef ‘List’
   94 |   for(int i = L->current; i < L->size - 1; i++) {
      |                                ^~
arraylist.c:95:6: error: invalid use of incomplete typedef ‘List’
   95 |     L->data[i] = L->data[i + 1];
      |      ^~
arraylist.c:95:19: error: invalid use of incomplete typedef ‘List’
   95 |     L->data[i] = L->data[i + 1];
      |                   ^~
arraylist.c:97:4: error: invalid use of incomplete typedef ‘List’
   97 |   L->size--;
      |    ^~
arraylist.c:98:4: error: invalid use of incomplete typedef ‘List’
   98 |   L->current--;
      |    ^~
arraylist.c: In function ‘get_size’:
arraylist.c:103:11: error: invalid use of incomplete typedef ‘List’
  103 |   return L->size;
      |           ^~
test.c: In function ‘parentesisBalanceados’:
test.c:253:5: error: ‘main’ is normally a non-static function [-Werror=main]
  253 | int main( int argc, char *argv[] ) {
      |     ^~~~
test.c:271:1: error: expected declaration or statement at end of input
  271 | }
      | ^
test.c:272: error: control reaches end of non-void function [-Werror=return-type]
arraylist.c: In function ‘first’:
arraylist.c:27:1: error: control reaches end of non-void function [-Werror=return-type]
   27 | }
      | ^
test.c: At top level:
test.c:253:5: error: ‘main’ defined but not used [-Werror=unused-function]
  253 | int main( int argc, char *argv[] ) {
      |     ^~~~
test.c:37:6: error: ‘info_msg’ defined but not used [-Werror=unused-function]
   37 | void info_msg(char* msg){
      |      ^~~~~~~~
arraylist.c:102:5: error: ‘get_size’ defined but not used [-Werror=unused-function]
  102 | int get_size(List *L) {
      |     ^~~~~~~~
arraylist.c:89:7: error: ‘popCurrent’ defined but not used [-Werror=unused-function]
   89 | void* popCurrent(List *L) {
      |       ^~~~~~~~~~
arraylist.c:80:7: error: ‘popBack’ defined but not used [-Werror=unused-function]
   80 | void* popBack(List *L) {
      |       ^~~~~~~
arraylist.c:68:7: error: ‘popFront’ defined but not used [-Werror=unused-function]
   68 | void* popFront(List *L) {
      |       ^~~~~~~~
arraylist.c:55:6: error: ‘pushCurrent’ defined but not used [-Werror=unused-function]
   55 | void pushCurrent(List *L, void *dato) {
      |      ^~~~~~~~~~~
arraylist.c:37:6: error: ‘pushFront’ defined but not used [-Werror=unused-function]
   37 | void pushFront(List *L, void *dato) {
      |      ^~~~~~~~~
cc1: all warnings being treated as errors
Compilation failed
7097dc2
Sun 23 Mar 2025 01:28:41 AM UTC: 
 exercises.c | 59 +++++++----------------------------------------------------
 1 file changed, 7 insertions(+), 52 deletions(-)
 tests:  1|4
total_score: 10/70
b0db9ca
Sun 23 Mar 2025 01:36:24 AM UTC: 
 exercises.c | 32 +++++++++++++++++++++++++++++++-
 1 file changed, 31 insertions(+), 1 deletion(-)
In file included from test.c:5:
exercises.c:103:5: error: unknown type name ‘tack’; did you mean ‘Stack’?
  103 |     tack* PAux = create_stack();
      |     ^~~~
      |     Stack
exercises.c:103:18: error: initialization of ‘int *’ from incompatible pointer type ‘Stack *’ {aka ‘List *’} [-Werror=incompatible-pointer-types]
  103 |     tack* PAux = create_stack();
      |                  ^~~~~~~~~~~~
exercises.c:103:18: error: initializer element is not constant
exercises.c:105:5: error: expected identifier or ‘(’ before ‘while’
  105 |     while(top(P1) != NULL){
      |     ^~~~~
exercises.c:110:5: error: expected identifier or ‘(’ before ‘while’
  110 |     while(top(PAux) != NULL){
      |     ^~~~~
exercises.c:115:3: error: expected identifier or ‘(’ before ‘}’ token
  115 |   }
      |   ^
cc1: all warnings being treated as errors
Compilation failed
7e17371
